2019/06/12 01:02:08 StartQueryInput={
  EndTime: 1560326528,
  LogGroupName: "/aws/ecs/prod-rt",
  QueryString: "fields @timestamp, @logStream, @message | sort @timestamp desc | filter @logStream like /DeepAffects/| filter @message like /19062412_5Xi2eYcEc6/",
  StartTime: 1560322032
}
2019/06/12 01:02:14 >>>>>> GetQueryResults= 8 records, statuse={
	"BytesScanned": 1321068375,
	"RecordsMatched": 8,
	"RecordsScanned": 3134199
}, stats=Complete
----------------
@timestamp=2019-06-12 07:11:24.876, @logStream=Fargate/EM-prod-rt-86ce6c23-de02-42b7-ac63-d0dcd2e02120-E1024-DeepAffectsSpeechtoTextV2FChunk_F/212341f3-d299-4f6e-b499-5417a02f58b6, @message={"level":"info","message":"TaskID: 19062412_5Xi2eYcEc6d84tJ...ChunkUUID: 384c2b0a-95c6-42f2-9f53-a3cac5eaed10...Completed processing chunk","timestamp":"2019-06-12T07:11:24Z"}, @ptr=Cl8KIQodMDI2OTcyODQ5Mzg0Oi9hd3MvZWNzL3Byb2QtcnQQBRI6GhgCBckEZrUAAAAChboMeAAF0ApS8AAAAFIgASjU25TUtC0w2sSe1LQtOPY3QMC0iQFIzPclUMDnJRDQJhgB, 

@timestamp=2019-06-12 07:11:24.876, @logStream=Fargate/EM-prod-rt-86ce6c23-de02-42b7-ac63-d0dcd2e02120-E1024-DeepAffectsSpeechtoTextV2FChunk_F/212341f3-d299-4f6e-b499-5417a02f58b6, @message={"level":"info","message":"TaskID: 19062412_5Xi2eYcEc6d84tJ...ChunkUUID: 384c2b0a-95c6-42f2-9f53-a3cac5eaed10...Processed Time: 599.128524ms","timestamp":"2019-06-12T07:11:24Z"}, @ptr=Cl8KIQodMDI2OTcyODQ5Mzg0Oi9hd3MvZWNzL3Byb2QtcnQQBRI6GhgCBckEZrUAAAAChboMeAAF0ApS8AAAAFIgASjU25TUtC0w2sSe1LQtOPY3QMC0iQFIzPclUMDnJRDRJhgB, 

@timestamp=2019-06-12 07:11:24.872, @logStream=Fargate/EM-prod-rt-86ce6c23-de02-42b7-ac63-d0dcd2e02120-E1024-DeepAffectsSpeechtoTextV2FChunk_F/212341f3-d299-4f6e-b499-5417a02f58b6, @message=TaskID: 19062412_5Xi2eYcEc6d84tJ...chunkUUID: 384c2b0a-95c6-42f2-9f53-a3cac5eaed10...Response Status: 400, @ptr=Cl8KIQodMDI2OTcyODQ5Mzg0Oi9hd3MvZWNzL3Byb2QtcnQQBRI6GhgCBckEZrUAAAAChboMeAAF0ApS8AAAAFIgASjU25TUtC0w2sSe1LQtOPY3QMC0iQFIzPclUMDnJRDNJhgB, 

@timestamp=2019-06-12 07:11:24.872, @logStream=Fargate/EM-prod-rt-86ce6c23-de02-42b7-ac63-d0dcd2e02120-E1024-DeepAffectsSpeechtoTextV2FChunk_F/212341f3-d299-4f6e-b499-5417a02f58b6, @message=TaskID: 19062412_5Xi2eYcEc6d84tJ...chunkUUID: 384c2b0a-95c6-42f2-9f53-a3cac5eaed10...Response Body: {"fault":{"fault_string":"Invalid payload. Missing key:languageCode Refer API docs.","error_code":"com.deepaffects.BadRequest"}}, @ptr=Cl8KIQodMDI2OTcyODQ5Mzg0Oi9hd3MvZWNzL3Byb2QtcnQQBRI6GhgCBckEZrUAAAAChboMeAAF0ApS8AAAAFIgASjU25TUtC0w2sSe1LQtOPY3QMC0iQFIzPclUMDnJRDOJhgB, 

@timestamp=2019-06-12 07:11:24.872, @logStream=Fargate/EM-prod-rt-86ce6c23-de02-42b7-ac63-d0dcd2e02120-E1024-DeepAffectsSpeechtoTextV2FChunk_F/212341f3-d299-4f6e-b499-5417a02f58b6, @message={"level":"info","message":"TaskID: 19062412_5Xi2eYcEc6d84tJ...ChunkUUID: 384c2b0a-95c6-42f2-9f53-a3cac5eaed10...Message count: Total = 1, Successes = 0, Errors = 1, Ignored = 0, PercentError = 100.00%","timestamp":"2019-06-12T07:11:24Z"}, @ptr=Cl8KIQodMDI2OTcyODQ5Mzg0Oi9hd3MvZWNzL3Byb2QtcnQQBRI6GhgCBckEZrUAAAAChboMeAAF0ApS8AAAAFIgASjU25TUtC0w2sSe1LQtOPY3QMC0iQFIzPclUMDnJRDPJhgB, 

@timestamp=2019-06-12 07:11:24.278, @logStream=Fargate/EM-prod-rt-86ce6c23-de02-42b7-ac63-d0dcd2e02120-E1024-DeepAffectsSpeechtoTextV2FChunk_F/212341f3-d299-4f6e-b499-5417a02f58b6, @message=TaskID: 19062412_5Xi2eYcEc6d84tJ...chunkUUID: 384c2b0a-95c6-42f2-9f53-a3cac5eaed10...DeepAffects API URL: https://proxy.api.deepaffects.com/audio/generic/api/v1/async/asr?apikey=ablZJQdYjk11recoGtmtDSW8Z1jZOoBI, @ptr=Cl8KIQodMDI2OTcyODQ5Mzg0Oi9hd3MvZWNzL3Byb2QtcnQQBRI6GhgCBckEZrUAAAAChboMeAAF0ApS8AAAAFIgASjU25TUtC0w2sSe1LQtOPY3QMC0iQFIzPclUMDnJRDMJhgB, 

@timestamp=2019-06-12 07:11:24.277, @logStream=Fargate/EM-prod-rt-86ce6c23-de02-42b7-ac63-d0dcd2e02120-E1024-DeepAffectsSpeechtoTextV2FChunk_F/212341f3-d299-4f6e-b499-5417a02f58b6, @message={"level":"debug","message":"Got message: {\"type\":\"media_chunk\",\"timestampUTC\":1560322090967,\"taskId\":\"19062412_5Xi2eYcEc6d84tJ\",\"tdoId\":\"530540383\",\"jobId\":\"19062412_5Xi2eYcEc6\",\"chunkIndex\":1,\"startOffsetMs\":0,\"endOffsetMs\":22458,\"mimeType\":\"audio/mp4\",\"cacheURI\":\"https://chunk-cache.s3.amazonaws.com/chunks/530540383/5bc3b237-7dc3-4f9e-ac95-4af6f1355850_00000001.m4a\",\"taskPayload\":{\"applicationId\":\"bfe47fc3-9658-400c-b60b-6c674d5da724\",\"jobId\":\"19062412_5Xi2eYcEc6\",\"organizationId\":\"17457\",\"recordingId\":\"530540383\",\"taskId\":\"19062412_5Xi2eYcEc6d84tJ\",\"taskPayload\":{\"organizationId\":17457},\"token\":\"eyJhbGciOiJIUzI1NiIsInR5cCI6IkpXVCJ9.eyJjb250ZW50QXBwbGljYXRpb25JZCI6ImJmZTQ3ZmMzLTk2NTgtNDAwYy1iNjBiLTZjNjc0ZDVkYTcyNCIsImNvbnRlbnRPcmdhbml6YXRpb25JZCI6MTc0NTcsInNjb3BlIjpbeyJhY3Rpb25zIjpbImFzc2V0OnVyaSIsImFzc2V0OmFsbCIsInJlY29yZGluZzpyZWFkIiwicmVjb3JkaW5nOnVwZGF0ZSJdLCJyZXNvdXJjZXMiOnsicmVjb3JkaW5nSWRzIjpbIjUzMDU0MDM4MyJdfX0seyJhY3Rpb25zIjpbInRhc2s6dXBkYXRlIl0sInJlc291cmNlcyI6eyJqb2JJZHMiOlsiMTkwNjI0MTJfNVhpMmVZY0VjNiJdLCJ0YXNrSWRzIjpbIjE5MDYyNDEyXzVYaTJlWWNFYzZkODR0SiJdLCJzb3VyY2VJZHMiOm51bGx9fV0sImlhdCI6MTU2MDMyMjA2OCwiZXhwIjoxNTYwOTI2ODY4LCJzdWIiOiJlbmdpbmUtcnVuIiwianRpIjoiOWIxNTA1ZjgtZDYyMi00NWU1LWJmODEtYjdlNmRmYjQ4NDZiIn0.Q7eTq76lOVL53NSl6yc6TmrzN2PnwchcEUeLljFcRFM\",\"veritoneApiBaseUrl\":\"https://api.veritone.com\"},\"chunkUUID\":\"384c2b0a-95c6-42f2-9f53-a3cac5eaed10\"}","timestamp":"2019-06-12T07:11:24Z"}, @ptr=Cl8KIQodMDI2OTcyODQ5Mzg0Oi9hd3MvZWNzL3Byb2QtcnQQBRI6GhgCBckEZrUAAAAChboMeAAF0ApS8AAAAFIgASjU25TUtC0w2sSe1LQtOPY3QMC0iQFIzPclUMDnJRDHJhgB, 

@timestamp=2019-06-12 07:11:24.277, @logStream=Fargate/EM-prod-rt-86ce6c23-de02-42b7-ac63-d0dcd2e02120-E1024-DeepAffectsSpeechtoTextV2FChunk_F/212341f3-d299-4f6e-b499-5417a02f58b6, @message=TaskID: 19062412_5Xi2eYcEc6d84tJ...ChunkUUID: 384c2b0a-95c6-42f2-9f53-a3cac5eaed10...Start running Deep Affects proccessing..., @ptr=Cl8KIQodMDI2OTcyODQ5Mzg0Oi9hd3MvZWNzL3Byb2QtcnQQBRI6GhgCBckEZrUAAAAChboMeAAF0ApS8AAAAFIgASjU25TUtC0w2sSe1LQtOPY3QMC0iQFIzPclUMDnJRDIJhgB, 

